<?xml version="1.0" encoding="UTF-8"?>
<!-- Generated by org.testng.reporters.JUnitReportReporter -->
<testsuite hostname="SHIJU" name="com.cucumberFramework.testRunner.TestRunner" tests="1" failures="0" timestamp="22 Nov 2021 06:34:24 GMT" time="81.915" errors="0">
  <testcase name="feature" time="81.915" classname="com.cucumberFramework.testRunner.TestRunner"/>
</testsuite> <!-- com.cucumberFramework.testRunner.TestRunner -->
